<?xml version="1.0" encoding="UTF-8"?>
<!-- Generated by org.testng.reporters.JUnitReportReporter -->
<testsuite hostname="CvetetoPC" failures="0" tests="1" name="com.skilo.gui.PostTest" time="23.016" errors="0" timestamp="2024-08-03T21:44:07 EEST" skipped="0">
  <testcase classname="com.skilo.gui.PostTest" name="verifyUserCanCreateNewPostAndDeleteIt" time="23.016"/>
</testsuite> <!-- com.skilo.gui.PostTest -->
