<?xml version="1.0" encoding="UTF-8"?>
<!-- Generated by org.testng.reporters.JUnitReportReporter -->
<testsuite hostname="CvetetoPC" failures="0" tests="1" name="com.skilo.gui.ProfileTest" time="4.142" errors="0" timestamp="2024-08-07T20:51:55 EEST" skipped="0">
  <testcase classname="com.skilo.gui.ProfileTest" name="verifyUserCanPostProfilePicture" time="4.142"/>
</testsuite> <!-- com.skilo.gui.ProfileTest -->
