<?xml version="1.0" encoding="UTF-8"?>
<!-- Generated by org.testng.reporters.JUnitReportReporter -->
<testsuite hostname="CvetetoPC" failures="0" tests="2" name="com.skilo.gui.RegistrationTest" time="16.594" errors="0" timestamp="2024-08-04T02:12:52 EEST" skipped="0">
  <testcase classname="com.skilo.gui.RegistrationTest" name="verifyUserCanRegisterWithValidData" time="8.777"/>
  <testcase classname="com.skilo.gui.RegistrationTest" name="verifyUserCannotRegisterWithInvalidData" time="7.817"/>
</testsuite> <!-- com.skilo.gui.RegistrationTest -->
