<?xml version="1.0" encoding="UTF-8"?>
<!-- Generated by org.testng.reporters.JUnitReportReporter -->
<testsuite hostname="CvetetoPC" failures="0" tests="1" name="com.skilo.gui.ProfileTest" time="5.452" errors="0" timestamp="2024-08-07T20:40:57 EEST" skipped="0">
  <testcase classname="com.skilo.gui.ProfileTest" name="verifyUserCanPostProfilePicture" time="5.452"/>
</testsuite> <!-- com.skilo.gui.ProfileTest -->
