<?xml version="1.0" encoding="UTF-8"?>
<!-- Generated by org.testng.reporters.JUnitReportReporter -->
<testsuite hostname="CvetetoPC" failures="0" tests="1" name="com.skilo.gui.ProfileTest" time="4.475" errors="0" timestamp="2024-08-04T18:23:15 EEST" skipped="0">
  <testcase classname="com.skilo.gui.ProfileTest" name="verifyUserCanPostProfilePicture" time="4.475"/>
</testsuite> <!-- com.skilo.gui.ProfileTest -->
