<?xml version="1.0" encoding="UTF-8"?>
<!-- Generated by org.testng.reporters.JUnitReportReporter -->
<testsuite hostname="CvetetoPC" failures="0" tests="1" name="com.skilo.gui.HomeTest" time="34.285" errors="0" timestamp="2024-08-04T13:08:57 EEST" skipped="0">
  <testcase classname="com.skilo.gui.HomeTest" name="verifyUserCanNavigateToAnAlreadyCreatedPost" time="34.285"/>
</testsuite> <!-- com.skilo.gui.HomeTest -->
