<?xml version="1.0" encoding="UTF-8"?>
<!-- Generated by org.testng.reporters.JUnitReportReporter -->
<testsuite hostname="CvetetoPC" failures="0" tests="1" name="com.skilo.gui.HomeTest" time="35.020" errors="0" timestamp="2024-08-04T02:12:52 EEST" skipped="0">
  <testcase classname="com.skilo.gui.HomeTest" name="verifyUserCanNavigateToAnAlreadyCreatedPost" time="35.020"/>
</testsuite> <!-- com.skilo.gui.HomeTest -->
