<?xml version="1.0" encoding="UTF-8"?>
<!-- Generated by org.testng.reporters.JUnitReportReporter -->
<testsuite hostname="CvetetoPC" failures="0" tests="1" name="com.skilo.gui.PostTest" time="24.844" errors="0" timestamp="2024-08-02T22:39:45 EEST" skipped="0">
  <testcase classname="com.skilo.gui.PostTest" name="verifyUserCanCreateNewPostAndDeleteIt" time="24.844"/>
</testsuite> <!-- com.skilo.gui.PostTest -->
