<?xml version="1.0" encoding="UTF-8"?>
<!-- Generated by org.testng.reporters.JUnitReportReporter -->
<testsuite hostname="CvetetoPC" failures="0" tests="2" name="com.skilo.gui.RegistrationTest" time="12.362" errors="0" timestamp="2024-08-07T20:40:57 EEST" skipped="0">
  <testcase classname="com.skilo.gui.RegistrationTest" name="verifyUserCanRegisterWithValidData" time="5.664"/>
  <testcase classname="com.skilo.gui.RegistrationTest" name="verifyUserCannotRegisterWithInvalidData" time="6.698"/>
</testsuite> <!-- com.skilo.gui.RegistrationTest -->
