<?xml version="1.0" encoding="UTF-8"?>
<!-- Generated by org.testng.reporters.JUnitReportReporter -->
<testsuite hostname="CvetetoPC" failures="0" tests="1" name="com.skilo.gui.EndToEndTest" time="4.204" errors="0" timestamp="2024-07-26T23:27:10 EEST" skipped="0">
  <testcase classname="com.skilo.gui.EndToEndTest" name="endToEndTest" time="4.204"/>
</testsuite> <!-- com.skilo.gui.EndToEndTest -->
