<?xml version="1.0" encoding="UTF-8"?>
<!-- Generated by org.testng.reporters.JUnitReportReporter -->
<testsuite hostname="CvetetoPC" failures="0" tests="1" name="com.skilo.gui.ProfileTest" time="5.012" errors="0" timestamp="2024-07-28T22:30:09 EEST" skipped="0">
  <testcase classname="com.skilo.gui.ProfileTest" name="verifyUserCanPostProfilePicture" time="5.012"/>
</testsuite> <!-- com.skilo.gui.ProfileTest -->
