<?xml version="1.0" encoding="UTF-8"?>
<!-- Generated by org.testng.reporters.JUnitReportReporter -->
<testsuite hostname="CvetetoPC" failures="0" tests="2" name="com.skilo.gui.RegistrationTest" time="8.598" errors="0" timestamp="2024-08-07T20:51:55 EEST" skipped="0">
  <testcase classname="com.skilo.gui.RegistrationTest" name="verifyUserCanRegisterWithValidData" time="4.835"/>
  <testcase classname="com.skilo.gui.RegistrationTest" name="verifyUserCannotRegisterWithInvalidData" time="3.763"/>
</testsuite> <!-- com.skilo.gui.RegistrationTest -->
