<?xml version="1.0" encoding="UTF-8"?>
<!-- Generated by org.testng.reporters.JUnitReportReporter -->
<testsuite hostname="CvetetoPC" failures="0" tests="1" name="com.skilo.gui.PostTest" time="34.796" errors="0" timestamp="2024-07-28T22:09:38 EEST" skipped="0">
  <testcase classname="com.skilo.gui.PostTest" name="verifyUserCanCreateNewPostAndDeleteIt" time="34.796"/>
</testsuite> <!-- com.skilo.gui.PostTest -->
