<?xml version="1.0" encoding="UTF-8"?>
<!-- Generated by org.testng.reporters.JUnitReportReporter -->
<testsuite hostname="CvetetoPC" failures="0" tests="2" name="com.skilo.gui.RegistrationTest" time="7.899" errors="0" timestamp="2024-07-28T22:30:09 EEST" skipped="0">
  <testcase classname="com.skilo.gui.RegistrationTest" name="verifyUserCanRegisterWithValidData" time="4.737"/>
  <testcase classname="com.skilo.gui.RegistrationTest" name="verifyUserCannotRegisterWithInvalidData" time="3.162"/>
</testsuite> <!-- com.skilo.gui.RegistrationTest -->
