<?xml version="1.0" encoding="UTF-8"?>
<!-- Generated by org.testng.reporters.JUnitReportReporter -->
<testsuite hostname="CvetetoPC" failures="0" tests="1" name="com.skilo.gui.EndToEndTest" time="2.409" errors="0" timestamp="2024-07-27T03:29:15 EEST" skipped="0">
  <testcase classname="com.skilo.gui.EndToEndTest" name="endToEndTest" time="2.409"/>
</testsuite> <!-- com.skilo.gui.EndToEndTest -->
