<?xml version="1.0" encoding="UTF-8"?>
<!-- Generated by org.testng.reporters.JUnitReportReporter -->
<testsuite hostname="CvetetoPC" failures="0" tests="2" name="com.skilo.gui.RegistrationTest" time="16.577" errors="0" timestamp="2024-08-04T13:08:57 EEST" skipped="0">
  <testcase classname="com.skilo.gui.RegistrationTest" name="verifyUserCanRegisterWithValidData" time="10.633"/>
  <testcase classname="com.skilo.gui.RegistrationTest" name="verifyUserCannotRegisterWithInvalidData" time="5.944"/>
</testsuite> <!-- com.skilo.gui.RegistrationTest -->
